TN:
SF:index-postgres.js
FN:27,snippet
FN:32,extractHtml
FN:51,logAuth
FN:104,(anonymous_3)
FN:108,(anonymous_4)
FN:117,initializeDatabase
FN:209,seedDiscoverableNewsletters
FN:263,findOrCreateUser
FN:288,findOrCreateSender
FN:328,findOrCreateSubscription
FN:357,(anonymous_10)
FN:366,(anonymous_11)
FN:383,(anonymous_12)
FN:394,(anonymous_13)
FN:398,(anonymous_14)
FN:420,(anonymous_15)
FN:429,(anonymous_16)
FN:441,(anonymous_17)
FN:460,(anonymous_18)
FN:476,(anonymous_19)
FN:492,(anonymous_20)
FN:523,(anonymous_21)
FN:539,(anonymous_22)
FN:672,(anonymous_23)
FN:709,(anonymous_24)
FN:716,(anonymous_25)
FNF:26
FNH:15
FNDA:0,snippet
FNDA:0,extractHtml
FNDA:2,logAuth
FNDA:0,(anonymous_3)
FNDA:0,(anonymous_4)
FNDA:1,initializeDatabase
FNDA:0,seedDiscoverableNewsletters
FNDA:0,findOrCreateUser
FNDA:0,findOrCreateSender
FNDA:0,findOrCreateSubscription
FNDA:7,(anonymous_10)
FNDA:4,(anonymous_11)
FNDA:14,(anonymous_12)
FNDA:1,(anonymous_13)
FNDA:1,(anonymous_14)
FNDA:1,(anonymous_15)
FNDA:1,(anonymous_16)
FNDA:0,(anonymous_17)
FNDA:1,(anonymous_18)
FNDA:1,(anonymous_19)
FNDA:2,(anonymous_20)
FNDA:1,(anonymous_21)
FNDA:1,(anonymous_22)
FNDA:0,(anonymous_23)
FNDA:0,(anonymous_24)
FNDA:1,(anonymous_25)
DA:5,1
DA:8,1
DA:10,1
DA:11,1
DA:12,1
DA:13,1
DA:14,1
DA:15,1
DA:16,1
DA:18,1
DA:19,1
DA:22,1
DA:23,0
DA:28,0
DA:33,0
DA:34,0
DA:35,0
DA:37,0
DA:38,0
DA:39,0
DA:41,0
DA:42,0
DA:43,0
DA:44,0
DA:47,0
DA:52,2
DA:53,2
DA:59,2
DA:60,2
DA:66,1
DA:68,0
DA:69,0
DA:71,0
DA:72,0
DA:76,1
DA:77,1
DA:79,0
DA:80,0
DA:84,1
DA:85,0
DA:88,1
DA:89,0
DA:92,1
DA:93,1
DA:96,1
DA:104,1
DA:105,0
DA:108,1
DA:109,0
DA:111,0
DA:112,0
DA:119,1
DA:120,1
DA:121,1
DA:123,0
DA:125,0
DA:143,0
DA:159,0
DA:174,0
DA:187,0
DA:197,0
DA:200,0
DA:201,0
DA:204,0
DA:211,0
DA:212,0
DA:214,0
DA:243,0
DA:244,0
DA:245,0
DA:257,0
DA:264,0
DA:266,0
DA:271,0
DA:272,0
DA:276,0
DA:281,0
DA:283,0
DA:284,0
DA:289,0
DA:292,0
DA:293,0
DA:294,0
DA:295,0
DA:297,0
DA:298,0
DA:301,0
DA:302,0
DA:306,0
DA:311,0
DA:312,0
DA:316,0
DA:321,0
DA:323,0
DA:324,0
DA:329,0
DA:331,0
DA:336,0
DA:337,0
DA:341,0
DA:346,0
DA:348,0
DA:349,0
DA:354,1
DA:357,1
DA:358,7
DA:359,7
DA:360,7
DA:362,7
DA:363,3
DA:366,4
DA:367,4
DA:368,0
DA:370,4
DA:371,4
DA:374,0
DA:375,0
DA:380,1
DA:384,14
DA:385,0
DA:387,14
DA:391,1
DA:394,1
DA:395,1
DA:398,1
DA:399,1
DA:403,1
DA:411,1
DA:417,1
DA:420,1
DA:421,1
DA:426,1
DA:429,1
DA:430,1
DA:431,1
DA:432,1
DA:433,1
DA:436,0
DA:437,0
DA:439,0
DA:441,0
DA:443,0
DA:445,0
DA:451,0
DA:452,0
DA:454,0
DA:455,0
DA:460,1
DA:461,1
DA:462,1
DA:466,1
DA:467,0
DA:469,1
DA:471,0
DA:472,0
DA:476,1
DA:477,1
DA:478,1
DA:485,1
DA:487,0
DA:488,0
DA:492,1
DA:493,2
DA:494,2
DA:495,2
DA:496,2
DA:498,2
DA:506,1
DA:516,1
DA:517,0
DA:519,1
DA:523,1
DA:524,1
DA:525,1
DA:531,1
DA:533,0
DA:534,0
DA:539,1
DA:540,1
DA:541,1
DA:545,1
DA:546,0
DA:552,1
DA:560,1
DA:561,1
DA:562,1
DA:566,0
DA:567,0
DA:574,0
DA:575,0
DA:576,0
DA:578,0
DA:580,0
DA:581,0
DA:582,0
DA:585,0
DA:586,0
DA:589,0
DA:590,0
DA:592,0
DA:597,0
DA:601,0
DA:604,0
DA:609,0
DA:610,0
DA:611,0
DA:614,0
DA:615,0
DA:616,0
DA:622,0
DA:623,0
DA:625,0
DA:626,0
DA:632,0
DA:637,0
DA:639,0
DA:644,0
DA:653,0
DA:660,0
DA:661,0
DA:662,0
DA:666,0
DA:669,0
DA:670,0
DA:671,0
DA:672,0
DA:673,0
DA:676,0
DA:681,0
DA:682,0
DA:689,0
DA:690,0
DA:691,0
DA:698,0
DA:700,0
DA:704,0
DA:709,1
DA:710,0
DA:711,0
DA:715,1
DA:716,1
DA:717,1
DA:721,1
LF:243
LH:94
BRDA:19,0,0,1
BRDA:19,0,1,0
BRDA:22,1,0,0
BRDA:22,1,1,1
BRDA:28,2,0,0
BRDA:28,2,1,0
BRDA:33,3,0,0
BRDA:33,3,1,0
BRDA:34,4,0,0
BRDA:34,4,1,0
BRDA:34,5,0,0
BRDA:34,5,1,0
BRDA:34,5,2,0
BRDA:41,6,0,0
BRDA:41,6,1,0
BRDA:41,7,0,0
BRDA:41,7,1,0
BRDA:44,8,0,0
BRDA:44,8,1,0
BRDA:51,9,0,1
BRDA:57,10,0,1
BRDA:57,10,1,1
BRDA:59,11,0,1
BRDA:59,11,1,1
BRDA:66,12,0,0
BRDA:66,12,1,1
BRDA:66,13,0,1
BRDA:66,13,1,0
BRDA:84,14,0,0
BRDA:84,14,1,1
BRDA:84,15,0,1
BRDA:84,15,1,0
BRDA:88,16,0,0
BRDA:88,16,1,1
BRDA:98,17,0,0
BRDA:98,17,1,1
BRDA:111,18,0,0
BRDA:111,18,1,0
BRDA:119,19,0,1
BRDA:119,19,1,0
BRDA:200,20,0,0
BRDA:200,20,1,0
BRDA:211,21,0,0
BRDA:211,21,1,0
BRDA:271,22,0,0
BRDA:271,22,1,0
BRDA:288,23,0,0
BRDA:293,24,0,0
BRDA:293,24,1,0
BRDA:301,25,0,0
BRDA:301,25,1,0
BRDA:311,26,0,0
BRDA:311,26,1,0
BRDA:328,27,0,0
BRDA:336,28,0,0
BRDA:336,28,1,0
BRDA:360,29,0,7
BRDA:360,29,1,4
BRDA:362,30,0,3
BRDA:362,30,1,4
BRDA:367,31,0,0
BRDA:367,31,1,4
BRDA:384,32,0,0
BRDA:384,32,1,14
BRDA:384,33,0,14
BRDA:384,33,1,14
BRDA:406,34,0,0
BRDA:406,34,1,1
BRDA:407,35,0,0
BRDA:407,35,1,0
BRDA:432,36,0,1
BRDA:432,36,1,0
BRDA:466,37,0,0
BRDA:466,37,1,1
BRDA:494,38,0,2
BRDA:494,38,1,2
BRDA:495,39,0,2
BRDA:495,39,1,2
BRDA:516,40,0,0
BRDA:516,40,1,1
BRDA:545,41,0,0
BRDA:545,41,1,1
BRDA:556,42,0,0
BRDA:556,42,1,1
BRDA:560,43,0,1
BRDA:560,43,1,0
BRDA:580,44,0,0
BRDA:580,44,1,0
BRDA:580,45,0,0
BRDA:580,45,1,0
BRDA:589,46,0,0
BRDA:589,46,1,0
BRDA:609,47,0,0
BRDA:609,47,1,0
BRDA:609,48,0,0
BRDA:609,48,1,0
BRDA:614,49,0,0
BRDA:614,49,1,0
BRDA:625,50,0,0
BRDA:625,50,1,0
BRDA:660,51,0,0
BRDA:660,51,1,0
BRDA:660,52,0,0
BRDA:660,52,1,0
BRDA:681,53,0,0
BRDA:681,53,1,0
BRDA:715,54,0,1
BRDA:715,54,1,0
BRF:108
BRH:34
end_of_record
TN:
SF:index.js
FN:21,snippet
FN:26,extractHtml
FN:45,logAuth
FN:95,(anonymous_3)
FN:99,(anonymous_4)
FN:105,seedDiscoverableNewsletters
FN:290,(anonymous_6)
FN:302,(anonymous_7)
FN:312,(anonymous_8)
FN:362,(anonymous_9)
FN:366,(anonymous_10)
FN:371,(anonymous_11)
FN:374,(anonymous_12)
FN:386,addSenderUniqueIndex
FN:392,backfillListIds
FN:408,addColumn
FN:409,(anonymous_16)
FN:414,(anonymous_17)
FN:420,(anonymous_18)
FN:428,(anonymous_19)
FN:449,addNextColumn
FN:451,(anonymous_21)
FN:460,(anonymous_22)
FN:469,(anonymous_23)
FN:474,(anonymous_24)
FN:522,(anonymous_25)
FN:527,(anonymous_26)
FN:536,(anonymous_27)
FN:541,(anonymous_28)
FN:552,addNotificationColumn
FN:555,(anonymous_30)
FN:562,(anonymous_31)
FN:581,addNextNotificationColumn
FN:583,(anonymous_33)
FN:596,(anonymous_34)
FN:601,(anonymous_35)
FN:605,(anonymous_36)
FN:619,(anonymous_37)
FN:626,(anonymous_38)
FN:632,(anonymous_39)
FN:674,(anonymous_40)
FN:680,(anonymous_41)
FN:691,(anonymous_42)
FN:704,(anonymous_43)
FN:708,(anonymous_44)
FN:712,(anonymous_45)
FN:721,(anonymous_46)
FN:761,(anonymous_47)
FN:815,(anonymous_48)
FN:818,(anonymous_49)
FN:834,(anonymous_50)
FN:835,(anonymous_51)
FN:865,(anonymous_52)
FN:866,(anonymous_53)
FN:910,(anonymous_54)
FN:947,(anonymous_55)
FN:955,(anonymous_56)
FN:972,(anonymous_57)
FN:978,(anonymous_58)
FN:979,(anonymous_59)
FN:1007,(anonymous_60)
FN:1009,(anonymous_61)
FN:1040,(anonymous_62)
FN:1045,(anonymous_63)
FN:1051,(anonymous_64)
FN:1052,(anonymous_65)
FN:1068,(anonymous_66)
FN:1069,(anonymous_67)
FN:1076,(anonymous_68)
FN:1083,(anonymous_69)
FN:1113,(anonymous_70)
FN:1119,(anonymous_71)
FN:1120,(anonymous_72)
FN:1125,(anonymous_73)
FN:1126,(anonymous_74)
FN:1131,(anonymous_75)
FN:1132,(anonymous_76)
FN:1137,(anonymous_77)
FN:1138,(anonymous_78)
FN:1155,(anonymous_79)
FN:1161,(anonymous_80)
FN:1162,(anonymous_81)
FN:1181,(anonymous_82)
FN:1205,(anonymous_83)
FN:1218,(anonymous_84)
FN:1236,(anonymous_85)
FN:1246,(anonymous_86)
FN:1260,(anonymous_87)
FN:1270,(anonymous_88)
FN:1284,(anonymous_89)
FN:1298,(anonymous_90)
FN:1312,(anonymous_91)
FN:1331,(anonymous_92)
FN:1353,(anonymous_93)
FN:1367,(anonymous_94)
FN:1384,(anonymous_95)
FN:1398,(anonymous_96)
FN:1413,(anonymous_97)
FN:1455,(anonymous_98)
FN:1470,(anonymous_99)
FN:1481,(anonymous_100)
FN:1497,(anonymous_101)
FN:1516,(anonymous_102)
FN:1542,(anonymous_103)
FN:1556,(anonymous_104)
FN:1573,(anonymous_105)
FN:1584,(anonymous_106)
FN:1585,(anonymous_107)
FN:1591,(anonymous_108)
FN:1607,(anonymous_109)
FN:1636,(anonymous_110)
FN:1656,(anonymous_111)
FN:1671,(anonymous_112)
FN:1698,(anonymous_113)
FN:1712,(anonymous_114)
FN:1727,(anonymous_115)
FN:1761,(anonymous_116)
FN:1762,(anonymous_117)
FN:1790,(anonymous_118)
FN:1804,(anonymous_119)
FN:1812,(anonymous_120)
FN:1841,handleNewsletter
FN:1869,sendPushNotification
FN:1916,(anonymous_123)
FN:1933,checkUserPushNotificationPreference
FN:1934,(anonymous_125)
FN:1935,(anonymous_126)
FN:1952,checkQuietHours
FN:1953,(anonymous_128)
FN:1954,(anonymous_129)
FN:1994,getUserDeviceTokens
FN:1995,(anonymous_131)
FN:1997,(anonymous_132)
FN:1999,(anonymous_133)
FN:2010,initialSenderScan
FN:2032,(anonymous_135)
FN:2077,getAuthenticatedClient
FN:2081,(anonymous_137)
FN:2082,(anonymous_138)
FN:2180,backfillMessages
FN:2185,(anonymous_140)
FN:2192,(anonymous_141)
FN:2194,(anonymous_142)
FN:2208,(anonymous_143)
FN:2237,(anonymous_144)
FN:2242,(anonymous_145)
FN:2267,findOrCreateSender
FN:2268,(anonymous_147)
FN:2289,(anonymous_148)
FN:2299,(anonymous_149)
FN:2315,findOrCreateSubscription
FN:2316,(anonymous_151)
FN:2318,(anonymous_152)
FN:2323,(anonymous_153)
FN:2337,isSubscribed
FN:2338,(anonymous_155)
FN:2343,(anonymous_156)
FN:2356,saveMessage
FN:2357,(anonymous_158)
FN:2363,(anonymous_159)
FN:2376,(anonymous_160)
FN:2389,getSenderFromHeaders
FN:2391,(anonymous_162)
FN:2395,(anonymous_163)
FN:2399,(anonymous_164)
FN:2410,findUserByEmail
FN:2411,(anonymous_166)
FN:2413,(anonymous_167)
FN:2426,findOrCreateUser
FN:2427,(anonymous_169)
FN:2429,(anonymous_170)
FN:2434,(anonymous_171)
FN:2447,(anonymous_172)
FN:2471,(anonymous_173)
FN:2495,(anonymous_174)
FN:2504,ensureValidAuthClient
FN:2530,(anonymous_176)
FN:2531,(anonymous_177)
FN:2545,(anonymous_178)
FN:2555,(anonymous_179)
FN:2563,(anonymous_180)
FNF:181
FNH:0
FNDA:0,snippet
FNDA:0,extractHtml
FNDA:0,logAuth
FNDA:0,(anonymous_3)
FNDA:0,(anonymous_4)
FNDA:0,seedDiscoverableNewsletters
FNDA:0,(anonymous_6)
FNDA:0,(anonymous_7)
FNDA:0,(anonymous_8)
FNDA:0,(anonymous_9)
FNDA:0,(anonymous_10)
FNDA:0,(anonymous_11)
FNDA:0,(anonymous_12)
FNDA:0,addSenderUniqueIndex
FNDA:0,backfillListIds
FNDA:0,addColumn
FNDA:0,(anonymous_16)
FNDA:0,(anonymous_17)
FNDA:0,(anonymous_18)
FNDA:0,(anonymous_19)
FNDA:0,addNextColumn
FNDA:0,(anonymous_21)
FNDA:0,(anonymous_22)
FNDA:0,(anonymous_23)
FNDA:0,(anonymous_24)
FNDA:0,(anonymous_25)
FNDA:0,(anonymous_26)
FNDA:0,(anonymous_27)
FNDA:0,(anonymous_28)
FNDA:0,addNotificationColumn
FNDA:0,(anonymous_30)
FNDA:0,(anonymous_31)
FNDA:0,addNextNotificationColumn
FNDA:0,(anonymous_33)
FNDA:0,(anonymous_34)
FNDA:0,(anonymous_35)
FNDA:0,(anonymous_36)
FNDA:0,(anonymous_37)
FNDA:0,(anonymous_38)
FNDA:0,(anonymous_39)
FNDA:0,(anonymous_40)
FNDA:0,(anonymous_41)
FNDA:0,(anonymous_42)
FNDA:0,(anonymous_43)
FNDA:0,(anonymous_44)
FNDA:0,(anonymous_45)
FNDA:0,(anonymous_46)
FNDA:0,(anonymous_47)
FNDA:0,(anonymous_48)
FNDA:0,(anonymous_49)
FNDA:0,(anonymous_50)
FNDA:0,(anonymous_51)
FNDA:0,(anonymous_52)
FNDA:0,(anonymous_53)
FNDA:0,(anonymous_54)
FNDA:0,(anonymous_55)
FNDA:0,(anonymous_56)
FNDA:0,(anonymous_57)
FNDA:0,(anonymous_58)
FNDA:0,(anonymous_59)
FNDA:0,(anonymous_60)
FNDA:0,(anonymous_61)
FNDA:0,(anonymous_62)
FNDA:0,(anonymous_63)
FNDA:0,(anonymous_64)
FNDA:0,(anonymous_65)
FNDA:0,(anonymous_66)
FNDA:0,(anonymous_67)
FNDA:0,(anonymous_68)
FNDA:0,(anonymous_69)
FNDA:0,(anonymous_70)
FNDA:0,(anonymous_71)
FNDA:0,(anonymous_72)
FNDA:0,(anonymous_73)
FNDA:0,(anonymous_74)
FNDA:0,(anonymous_75)
FNDA:0,(anonymous_76)
FNDA:0,(anonymous_77)
FNDA:0,(anonymous_78)
FNDA:0,(anonymous_79)
FNDA:0,(anonymous_80)
FNDA:0,(anonymous_81)
FNDA:0,(anonymous_82)
FNDA:0,(anonymous_83)
FNDA:0,(anonymous_84)
FNDA:0,(anonymous_85)
FNDA:0,(anonymous_86)
FNDA:0,(anonymous_87)
FNDA:0,(anonymous_88)
FNDA:0,(anonymous_89)
FNDA:0,(anonymous_90)
FNDA:0,(anonymous_91)
FNDA:0,(anonymous_92)
FNDA:0,(anonymous_93)
FNDA:0,(anonymous_94)
FNDA:0,(anonymous_95)
FNDA:0,(anonymous_96)
FNDA:0,(anonymous_97)
FNDA:0,(anonymous_98)
FNDA:0,(anonymous_99)
FNDA:0,(anonymous_100)
FNDA:0,(anonymous_101)
FNDA:0,(anonymous_102)
FNDA:0,(anonymous_103)
FNDA:0,(anonymous_104)
FNDA:0,(anonymous_105)
FNDA:0,(anonymous_106)
FNDA:0,(anonymous_107)
FNDA:0,(anonymous_108)
FNDA:0,(anonymous_109)
FNDA:0,(anonymous_110)
FNDA:0,(anonymous_111)
FNDA:0,(anonymous_112)
FNDA:0,(anonymous_113)
FNDA:0,(anonymous_114)
FNDA:0,(anonymous_115)
FNDA:0,(anonymous_116)
FNDA:0,(anonymous_117)
FNDA:0,(anonymous_118)
FNDA:0,(anonymous_119)
FNDA:0,(anonymous_120)
FNDA:0,handleNewsletter
FNDA:0,sendPushNotification
FNDA:0,(anonymous_123)
FNDA:0,checkUserPushNotificationPreference
FNDA:0,(anonymous_125)
FNDA:0,(anonymous_126)
FNDA:0,checkQuietHours
FNDA:0,(anonymous_128)
FNDA:0,(anonymous_129)
FNDA:0,getUserDeviceTokens
FNDA:0,(anonymous_131)
FNDA:0,(anonymous_132)
FNDA:0,(anonymous_133)
FNDA:0,initialSenderScan
FNDA:0,(anonymous_135)
FNDA:0,getAuthenticatedClient
FNDA:0,(anonymous_137)
FNDA:0,(anonymous_138)
FNDA:0,backfillMessages
FNDA:0,(anonymous_140)
FNDA:0,(anonymous_141)
FNDA:0,(anonymous_142)
FNDA:0,(anonymous_143)
FNDA:0,(anonymous_144)
FNDA:0,(anonymous_145)
FNDA:0,findOrCreateSender
FNDA:0,(anonymous_147)
FNDA:0,(anonymous_148)
FNDA:0,(anonymous_149)
FNDA:0,findOrCreateSubscription
FNDA:0,(anonymous_151)
FNDA:0,(anonymous_152)
FNDA:0,(anonymous_153)
FNDA:0,isSubscribed
FNDA:0,(anonymous_155)
FNDA:0,(anonymous_156)
FNDA:0,saveMessage
FNDA:0,(anonymous_158)
FNDA:0,(anonymous_159)
FNDA:0,(anonymous_160)
FNDA:0,getSenderFromHeaders
FNDA:0,(anonymous_162)
FNDA:0,(anonymous_163)
FNDA:0,(anonymous_164)
FNDA:0,findUserByEmail
FNDA:0,(anonymous_166)
FNDA:0,(anonymous_167)
FNDA:0,findOrCreateUser
FNDA:0,(anonymous_169)
FNDA:0,(anonymous_170)
FNDA:0,(anonymous_171)
FNDA:0,(anonymous_172)
FNDA:0,(anonymous_173)
FNDA:0,(anonymous_174)
FNDA:0,ensureValidAuthClient
FNDA:0,(anonymous_176)
FNDA:0,(anonymous_177)
FNDA:0,(anonymous_178)
FNDA:0,(anonymous_179)
FNDA:0,(anonymous_180)
DA:2,0
DA:4,0
DA:5,0
DA:6,0
DA:7,0
DA:8,0
DA:9,0
DA:10,0
DA:11,0
DA:12,0
DA:13,0
DA:16,0
DA:17,0
DA:22,0
DA:27,0
DA:28,0
DA:29,0
DA:31,0
DA:32,0
DA:33,0
DA:35,0
DA:36,0
DA:37,0
DA:38,0
DA:41,0
DA:46,0
DA:47,0
DA:53,0
DA:54,0
DA:60,0
DA:62,0
DA:63,0
DA:65,0
DA:66,0
DA:70,0
DA:71,0
DA:73,0
DA:74,0
DA:78,0
DA:79,0
DA:82,0
DA:83,0
DA:86,0
DA:87,0
DA:90,0
DA:95,0
DA:96,0
DA:99,0
DA:100,0
DA:101,0
DA:106,0
DA:290,0
DA:291,0
DA:303,0
DA:304,0
DA:305,0
DA:306,0
DA:312,0
DA:313,0
DA:316,0
DA:327,0
DA:338,0
DA:350,0
DA:362,0
DA:366,0
DA:367,0
DA:368,0
DA:369,0
DA:371,0
DA:372,0
DA:373,0
DA:374,0
DA:375,0
DA:376,0
DA:387,0
DA:393,0
DA:399,0
DA:409,0
DA:410,0
DA:411,0
DA:412,0
DA:414,0
DA:415,0
DA:416,0
DA:420,0
DA:421,0
DA:422,0
DA:423,0
DA:427,0
DA:428,0
DA:429,0
DA:430,0
DA:431,0
DA:433,0
DA:434,0
DA:437,0
DA:438,0
DA:442,0
DA:448,0
DA:450,0
DA:451,0
DA:452,0
DA:453,0
DA:454,0
DA:459,0
DA:460,0
DA:461,0
DA:465,0
DA:469,0
DA:470,0
DA:471,0
DA:472,0
DA:474,0
DA:475,0
DA:477,0
DA:478,0
DA:522,0
DA:523,0
DA:524,0
DA:525,0
DA:527,0
DA:528,0
DA:529,0
DA:530,0
DA:531,0
DA:536,0
DA:537,0
DA:538,0
DA:539,0
DA:541,0
DA:543,0
DA:553,0
DA:554,0
DA:555,0
DA:556,0
DA:557,0
DA:558,0
DA:561,0
DA:562,0
DA:563,0
DA:564,0
DA:565,0
DA:567,0
DA:568,0
DA:571,0
DA:572,0
DA:576,0
DA:580,0
DA:582,0
DA:583,0
DA:584,0
DA:585,0
DA:586,0
DA:592,0
DA:596,0
DA:597,0
DA:598,0
DA:599,0
DA:601,0
DA:602,0
DA:604,0
DA:605,0
DA:606,0
DA:617,0
DA:620,0
DA:621,0
DA:622,0
DA:625,0
DA:626,0
DA:627,0
DA:628,0
DA:629,0
DA:630,0
DA:632,0
DA:633,0
DA:634,0
DA:636,0
DA:638,0
DA:646,0
DA:651,0
DA:660,0
DA:665,0
DA:668,0
DA:671,0
DA:674,0
DA:675,0
DA:676,0
DA:678,0
DA:680,0
DA:681,0
DA:682,0
DA:683,0
DA:688,0
DA:693,0
DA:695,0
DA:697,0
DA:701,0
DA:704,0
DA:705,0
DA:708,0
DA:709,0
DA:712,0
DA:713,0
DA:718,0
DA:721,0
DA:722,0
DA:723,0
DA:724,0
DA:725,0
DA:726,0
DA:729,0
DA:730,0
DA:731,0
DA:732,0
DA:735,0
DA:738,0
DA:742,0
DA:745,0
DA:746,0
DA:747,0
DA:751,0
DA:755,0
DA:756,0
DA:761,0
DA:762,0
DA:763,0
DA:767,0
DA:768,0
DA:774,0
DA:782,0
DA:783,0
DA:784,0
DA:788,0
DA:789,0
DA:796,0
DA:797,0
DA:798,0
DA:800,0
DA:802,0
DA:803,0
DA:804,0
DA:807,0
DA:808,0
DA:812,0
DA:813,0
DA:815,0
DA:816,0
DA:819,0
DA:820,0
DA:821,0
DA:823,0
DA:824,0
DA:831,0
DA:834,0
DA:835,0
DA:836,0
DA:837,0
DA:841,0
DA:842,0
DA:843,0
DA:846,0
DA:847,0
DA:848,0
DA:855,0
DA:856,0
DA:858,0
DA:859,0
DA:865,0
DA:866,0
DA:867,0
DA:868,0
DA:869,0
DA:871,0
DA:872,0
DA:877,0
DA:882,0
DA:891,0
DA:898,0
DA:899,0
DA:900,0
DA:904,0
DA:907,0
DA:908,0
DA:909,0
DA:910,0
DA:911,0
DA:914,0
DA:919,0
DA:920,0
DA:927,0
DA:928,0
DA:929,0
DA:936,0
DA:938,0
DA:942,0
DA:947,0
DA:948,0
DA:949,0
DA:950,0
DA:951,0
DA:952,0
DA:955,0
DA:956,0
DA:957,0
DA:959,0
DA:960,0
DA:962,0
DA:963,0
DA:964,0
DA:967,0
DA:972,0
DA:973,0
DA:974,0
DA:976,0
DA:978,0
DA:979,0
DA:980,0
DA:981,0
DA:985,0
DA:986,0
DA:993,0
DA:997,0
DA:1000,0
DA:1001,0
DA:1002,0
DA:1006,0
DA:1007,0
DA:1008,0
DA:1010,0
DA:1011,0
DA:1015,0
DA:1020,0
DA:1027,0
DA:1031,0
DA:1037,0
DA:1040,0
DA:1041,0
DA:1045,0
DA:1046,0
DA:1047,0
DA:1048,0
DA:1051,0
DA:1052,0
DA:1053,0
DA:1054,0
DA:1058,0
DA:1059,0
DA:1060,0
DA:1064,0
DA:1065,0
DA:1068,0
DA:1069,0
DA:1070,0
DA:1071,0
DA:1076,0
DA:1077,0
DA:1084,0
DA:1085,0
DA:1089,0
DA:1101,0
DA:1102,0
DA:1104,0
DA:1108,0
DA:1113,0
DA:1114,0
DA:1115,0
DA:1120,0
DA:1121,0
DA:1122,0
DA:1126,0
DA:1127,0
DA:1128,0
DA:1132,0
DA:1133,0
DA:1134,0
DA:1138,0
DA:1139,0
DA:1140,0
DA:1146,0
DA:1147,0
DA:1149,0
DA:1150,0
DA:1155,0
DA:1156,0
DA:1157,0
DA:1158,0
DA:1161,0
DA:1162,0
DA:1163,0
DA:1164,0
DA:1165,0
DA:1167,0
DA:1168,0
DA:1173,0
DA:1175,0
DA:1176,0
DA:1181,0
DA:1182,0
DA:1183,0
DA:1184,0
DA:1186,0
DA:1187,0
DA:1188,0
DA:1195,0
DA:1197,0
DA:1200,0
DA:1201,0
DA:1205,0
DA:1206,0
DA:1207,0
DA:1208,0
DA:1210,0
DA:1212,0
DA:1213,0
DA:1214,0
DA:1217,0
DA:1218,0
DA:1219,0
DA:1220,0
DA:1221,0
DA:1223,0
DA:1224,0
DA:1225,0
DA:1227,0
DA:1228,0
DA:1231,0
DA:1232,0
DA:1236,0
DA:1237,0
DA:1238,0
DA:1239,0
DA:1240,0
DA:1246,0
DA:1247,0
DA:1248,0
DA:1249,0
DA:1251,0
DA:1252,0
DA:1255,0
DA:1256,0
DA:1260,0
DA:1261,0
DA:1262,0
DA:1263,0
DA:1264,0
DA:1270,0
DA:1271,0
DA:1272,0
DA:1273,0
DA:1275,0
DA:1276,0
DA:1279,0
DA:1280,0
DA:1284,0
DA:1285,0
DA:1286,0
DA:1288,0
DA:1298,0
DA:1299,0
DA:1300,0
DA:1301,0
DA:1303,0
DA:1304,0
DA:1307,0
DA:1308,0
DA:1312,0
DA:1313,0
DA:1314,0
DA:1315,0
DA:1317,0
DA:1331,0
DA:1332,0
DA:1333,0
DA:1334,0
DA:1335,0
DA:1337,0
DA:1341,0
DA:1344,0
DA:1348,0
DA:1353,0
DA:1354,0
DA:1355,0
DA:1356,0
DA:1358,0
DA:1367,0
DA:1368,0
DA:1369,0
DA:1370,0
DA:1372,0
DA:1373,0
DA:1375,0
DA:1378,0
DA:1379,0
DA:1384,0
DA:1385,0
DA:1386,0
DA:1387,0
DA:1398,0
DA:1399,0
DA:1400,0
DA:1401,0
DA:1402,0
DA:1404,0
DA:1407,0
DA:1408,0
DA:1413,0
DA:1414,0
DA:1415,0
DA:1416,0
DA:1418,0
DA:1433,0
DA:1434,0
DA:1436,0
DA:1437,0
DA:1438,0
DA:1441,0
DA:1442,0
DA:1443,0
DA:1444,0
DA:1447,0
DA:1448,0
DA:1451,0
DA:1452,0
DA:1453,0
DA:1455,0
DA:1456,0
DA:1457,0
DA:1458,0
DA:1459,0
DA:1461,0
DA:1464,0
DA:1465,0
DA:1470,0
DA:1471,0
DA:1472,0
DA:1473,0
DA:1475,0
DA:1476,0
DA:1480,0
DA:1481,0
DA:1482,0
DA:1483,0
DA:1484,0
DA:1487,0
DA:1488,0
DA:1492,0
DA:1497,0
DA:1498,0
DA:1499,0
DA:1500,0
DA:1503,0
DA:1504,0
DA:1507,0
DA:1511,0
DA:1512,0
DA:1516,0
DA:1517,0
DA:1518,0
DA:1519,0
DA:1520,0
DA:1524,0
DA:1526,0
DA:1528,0
DA:1529,0
DA:1532,0
DA:1534,0
DA:1535,0
DA:1537,0
DA:1538,0
DA:1542,0
DA:1543,0
DA:1544,0
DA:1545,0
DA:1547,0
DA:1548,0
DA:1551,0
DA:1556,0
DA:1557,0
DA:1558,0
DA:1559,0
DA:1560,0
DA:1562,0
DA:1563,0
DA:1565,0
DA:1568,0
DA:1569,0
DA:1573,0
DA:1574,0
DA:1575,0
DA:1576,0
DA:1577,0
DA:1579,0
DA:1580,0
DA:1584,0
DA:1585,0
DA:1586,0
DA:1591,0
DA:1592,0
DA:1593,0
DA:1598,0
DA:1599,0
DA:1601,0
DA:1602,0
DA:1607,0
DA:1608,0
DA:1609,0
DA:1610,0
DA:1612,0
DA:1616,0
DA:1628,0
DA:1637,0
DA:1638,0
DA:1639,0
DA:1642,0
DA:1643,0
DA:1646,0
DA:1647,0
DA:1650,0
DA:1651,0
DA:1656,0
DA:1657,0
DA:1658,0
DA:1660,0
DA:1671,0
DA:1672,0
DA:1673,0
DA:1674,0
DA:1677,0
DA:1678,0
DA:1681,0
DA:1690,0
DA:1693,0
DA:1694,0
DA:1698,0
DA:1699,0
DA:1700,0
DA:1701,0
DA:1703,0
DA:1704,0
DA:1707,0
DA:1712,0
DA:1713,0
DA:1714,0
DA:1715,0
DA:1716,0
DA:1718,0
DA:1721,0
DA:1722,0
DA:1727,0
DA:1728,0
DA:1729,0
DA:1730,0
DA:1731,0
DA:1732,0
DA:1734,0
DA:1735,0
DA:1736,0
DA:1737,0
DA:1740,0
DA:1741,0
DA:1742,0
DA:1743,0
DA:1744,0
DA:1746,0
DA:1749,0
DA:1750,0
DA:1751,0
DA:1752,0
DA:1753,0
DA:1755,0
DA:1756,0
DA:1760,0
DA:1761,0
DA:1762,0
DA:1763,0
DA:1764,0
DA:1768,0
DA:1770,0
DA:1771,0
DA:1773,0
DA:1774,0
DA:1775,0
DA:1778,0
DA:1779,0
DA:1783,0
DA:1786,0
DA:1787,0
DA:1789,0
DA:1790,0
DA:1791,0
DA:1793,0
DA:1794,0
DA:1795,0
DA:1801,0
DA:1802,0
DA:1803,0
DA:1804,0
DA:1805,0
DA:1806,0
DA:1809,0
DA:1811,0
DA:1812,0
DA:1813,0
DA:1814,0
DA:1815,0
DA:1816,0
DA:1818,0
DA:1824,0
DA:1827,0
DA:1828,0
DA:1830,0
DA:1842,0
DA:1843,0
DA:1844,0
DA:1846,0
DA:1847,0
DA:1848,0
DA:1849,0
DA:1852,0
DA:1854,0
DA:1859,0
DA:1870,0
DA:1871,0
DA:1872,0
DA:1875,0
DA:1876,0
DA:1877,0
DA:1878,0
DA:1880,0
DA:1883,0
DA:1884,0
DA:1885,0
DA:1886,0
DA:1888,0
DA:1890,0
DA:1891,0
DA:1892,0
DA:1893,0
DA:1894,0
DA:1896,0
DA:1898,0
DA:1906,0
DA:1907,0
DA:1908,0
DA:1914,0
DA:1915,0
DA:1916,0
DA:1917,0
DA:1918,0
DA:1923,0
DA:1924,0
DA:1934,0
DA:1935,0
DA:1936,0
DA:1937,0
DA:1938,0
DA:1939,0
DA:1942,0
DA:1953,0
DA:1954,0
DA:1955,0
DA:1956,0
DA:1957,0
DA:1958,0
DA:1961,0
DA:1962,0
DA:1963,0
DA:1966,0
DA:1967,0
DA:1969,0
DA:1970,0
DA:1972,0
DA:1973,0
DA:1975,0
DA:1978,0
DA:1979,0
DA:1981,0
DA:1984,0
DA:1995,0
DA:1996,0
DA:1997,0
DA:1998,0
DA:1999,0
DA:2011,0
DA:2012,0
DA:2013,0
DA:2016,0
DA:2019,0
DA:2024,0
DA:2025,0
DA:2026,0
DA:2030,0
DA:2031,0
DA:2032,0
DA:2033,0
DA:2034,0
DA:2040,0
DA:2041,0
DA:2042,0
DA:2048,0
DA:2049,0
DA:2052,0
DA:2055,0
DA:2056,0
DA:2057,0
DA:2059,0
DA:2062,0
DA:2065,0
DA:2068,0
DA:2078,0
DA:2079,0
DA:2081,0
DA:2082,0
DA:2083,0
DA:2084,0
DA:2088,0
DA:2089,0
DA:2090,0
DA:2097,0
DA:2098,0
DA:2103,0
DA:2107,0
DA:2108,0
DA:2111,0
DA:2112,0
DA:2113,0
DA:2115,0
DA:2119,0
DA:2124,0
DA:2125,0
DA:2131,0
DA:2135,0
DA:2136,0
DA:2139,0
DA:2140,0
DA:2141,0
DA:2142,0
DA:2144,0
DA:2148,0
DA:2152,0
DA:2153,0
DA:2159,0
DA:2162,0
DA:2163,0
DA:2165,0
DA:2171,0
DA:2181,0
DA:2182,0
DA:2185,0
DA:2186,0
DA:2192,0
DA:2193,0
DA:2194,0
DA:2198,0
DA:2199,0
DA:2200,0
DA:2204,0
DA:2205,0
DA:2206,0
DA:2208,0
DA:2209,0
DA:2211,0
DA:2214,0
DA:2220,0
DA:2221,0
DA:2222,0
DA:2223,0
DA:2227,0
DA:2228,0
DA:2230,0
DA:2231,0
DA:2236,0
DA:2237,0
DA:2238,0
DA:2240,0
DA:2241,0
DA:2242,0
DA:2243,0
DA:2246,0
DA:2247,0
DA:2248,0
DA:2250,0
DA:2255,0
DA:2258,0
DA:2268,0
DA:2272,0
DA:2273,0
DA:2274,0
DA:2276,0
DA:2278,0
DA:2279,0
DA:2283,0
DA:2284,0
DA:2288,0
DA:2289,0
DA:2290,0
DA:2291,0
DA:2293,0
DA:2294,0
DA:2298,0
DA:2299,0
DA:2300,0
DA:2301,0
DA:2303,0
DA:2316,0
DA:2317,0
DA:2318,0
DA:2319,0
DA:2320,0
DA:2322,0
DA:2323,0
DA:2324,0
DA:2325,0
DA:2338,0
DA:2339,0
DA:2343,0
DA:2344,0
DA:2345,0
DA:2357,0
DA:2358,0
DA:2363,0
DA:2364,0
DA:2365,0
DA:2366,0
DA:2367,0
DA:2368,0
DA:2369,0
DA:2371,0
DA:2372,0
DA:2375,0
DA:2376,0
DA:2377,0
DA:2379,0
DA:2390,0
DA:2391,0
DA:2394,0
DA:2395,0
DA:2398,0
DA:2399,0
DA:2400,0
DA:2402,0
DA:2411,0
DA:2412,0
DA:2413,0
DA:2414,0
DA:2415,0
DA:2427,0
DA:2428,0
DA:2429,0
DA:2430,0
DA:2431,0
DA:2433,0
DA:2434,0
DA:2435,0
DA:2436,0
DA:2443,0
DA:2448,0
DA:2449,0
DA:2450,0
DA:2451,0
DA:2454,0
DA:2455,0
DA:2458,0
DA:2461,0
DA:2462,0
DA:2472,0
DA:2473,0
DA:2474,0
DA:2475,0
DA:2478,0
DA:2479,0
DA:2482,0
DA:2485,0
DA:2486,0
DA:2496,0
DA:2505,0
DA:2506,0
DA:2508,0
DA:2509,0
DA:2510,0
DA:2511,0
DA:2515,0
DA:2516,0
DA:2518,0
DA:2519,0
DA:2521,0
DA:2528,0
DA:2529,0
DA:2530,0
DA:2531,0
DA:2532,0
DA:2533,0
DA:2538,0
DA:2543,0
DA:2544,0
DA:2545,0
DA:2546,0
DA:2547,0
DA:2550,0
DA:2554,0
DA:2555,0
DA:2556,0
DA:2563,0
DA:2564,0
DA:2565,0
DA:2568,0
DA:2571,0
LF:1007
LH:0
BRDA:13,0,0,0
BRDA:13,0,1,0
BRDA:16,1,0,0
BRDA:16,1,1,0
BRDA:22,2,0,0
BRDA:22,2,1,0
BRDA:27,3,0,0
BRDA:27,3,1,0
BRDA:28,4,0,0
BRDA:28,4,1,0
BRDA:28,5,0,0
BRDA:28,5,1,0
BRDA:28,5,2,0
BRDA:35,6,0,0
BRDA:35,6,1,0
BRDA:35,7,0,0
BRDA:35,7,1,0
BRDA:38,8,0,0
BRDA:38,8,1,0
BRDA:45,9,0,0
BRDA:51,10,0,0
BRDA:51,10,1,0
BRDA:53,11,0,0
BRDA:53,11,1,0
BRDA:60,12,0,0
BRDA:60,12,1,0
BRDA:60,13,0,0
BRDA:60,13,1,0
BRDA:78,14,0,0
BRDA:78,14,1,0
BRDA:78,15,0,0
BRDA:78,15,1,0
BRDA:82,16,0,0
BRDA:82,16,1,0
BRDA:92,17,0,0
BRDA:92,17,1,0
BRDA:303,18,0,0
BRDA:303,18,1,0
BRDA:305,19,0,0
BRDA:305,19,1,0
BRDA:367,20,0,0
BRDA:367,20,1,0
BRDA:372,21,0,0
BRDA:372,21,1,0
BRDA:375,22,0,0
BRDA:375,22,1,0
BRDA:410,23,0,0
BRDA:410,23,1,0
BRDA:415,24,0,0
BRDA:415,24,1,0
BRDA:421,25,0,0
BRDA:421,25,1,0
BRDA:427,26,0,0
BRDA:427,26,1,0
BRDA:429,27,0,0
BRDA:429,27,1,0
BRDA:450,28,0,0
BRDA:450,28,1,0
BRDA:452,29,0,0
BRDA:452,29,1,0
BRDA:470,30,0,0
BRDA:470,30,1,0
BRDA:474,31,0,0
BRDA:474,31,1,0
BRDA:475,32,0,0
BRDA:475,32,1,0
BRDA:523,33,0,0
BRDA:523,33,1,0
BRDA:528,34,0,0
BRDA:528,34,1,0
BRDA:537,35,0,0
BRDA:537,35,1,0
BRDA:553,36,0,0
BRDA:553,36,1,0
BRDA:556,37,0,0
BRDA:556,37,1,0
BRDA:561,38,0,0
BRDA:561,38,1,0
BRDA:563,39,0,0
BRDA:563,39,1,0
BRDA:582,40,0,0
BRDA:582,40,1,0
BRDA:584,41,0,0
BRDA:584,41,1,0
BRDA:597,42,0,0
BRDA:597,42,1,0
BRDA:601,43,0,0
BRDA:601,43,1,0
BRDA:602,44,0,0
BRDA:602,44,1,0
BRDA:620,45,0,0
BRDA:620,45,1,0
BRDA:627,46,0,0
BRDA:627,46,1,0
BRDA:633,47,0,0
BRDA:633,47,1,0
BRDA:654,48,0,0
BRDA:654,48,1,0
BRDA:655,49,0,0
BRDA:655,49,1,0
BRDA:676,50,0,0
BRDA:676,50,1,0
BRDA:678,51,0,0
BRDA:678,51,1,0
BRDA:681,52,0,0
BRDA:681,52,1,0
BRDA:693,53,0,0
BRDA:693,53,1,0
BRDA:693,54,0,0
BRDA:693,54,1,0
BRDA:745,55,0,0
BRDA:745,55,1,0
BRDA:767,56,0,0
BRDA:767,56,1,0
BRDA:778,57,0,0
BRDA:778,57,1,0
BRDA:782,58,0,0
BRDA:782,58,1,0
BRDA:802,59,0,0
BRDA:802,59,1,0
BRDA:802,60,0,0
BRDA:802,60,1,0
BRDA:812,61,0,0
BRDA:812,61,1,0
BRDA:819,62,0,0
BRDA:819,62,1,0
BRDA:836,63,0,0
BRDA:836,63,1,0
BRDA:841,64,0,0
BRDA:841,64,1,0
BRDA:841,65,0,0
BRDA:841,65,1,0
BRDA:846,66,0,0
BRDA:846,66,1,0
BRDA:858,67,0,0
BRDA:858,67,1,0
BRDA:867,68,0,0
BRDA:867,68,1,0
BRDA:898,69,0,0
BRDA:898,69,1,0
BRDA:898,70,0,0
BRDA:898,70,1,0
BRDA:919,71,0,0
BRDA:919,71,1,0
BRDA:949,72,0,0
BRDA:949,72,1,0
BRDA:950,73,0,0
BRDA:950,73,1,0
BRDA:951,74,0,0
BRDA:951,74,1,0
BRDA:956,75,0,0
BRDA:956,75,1,0
BRDA:959,76,0,0
BRDA:959,76,1,0
BRDA:959,77,0,0
BRDA:959,77,1,0
BRDA:959,77,2,0
BRDA:980,78,0,0
BRDA:980,78,1,0
BRDA:985,79,0,0
BRDA:985,79,1,0
BRDA:985,80,0,0
BRDA:985,80,1,0
BRDA:1001,81,0,0
BRDA:1001,81,1,0
BRDA:1010,82,0,0
BRDA:1010,82,1,0
BRDA:1053,83,0,0
BRDA:1053,83,1,0
BRDA:1058,84,0,0
BRDA:1058,84,1,0
BRDA:1070,85,0,0
BRDA:1070,85,1,0
BRDA:1071,86,0,0
BRDA:1071,86,1,0
BRDA:1084,87,0,0
BRDA:1084,87,1,0
BRDA:1085,88,0,0
BRDA:1085,88,1,0
BRDA:1093,89,0,0
BRDA:1093,89,1,0
BRDA:1121,90,0,0
BRDA:1121,90,1,0
BRDA:1122,91,0,0
BRDA:1122,91,1,0
BRDA:1127,92,0,0
BRDA:1127,92,1,0
BRDA:1128,93,0,0
BRDA:1128,93,1,0
BRDA:1133,94,0,0
BRDA:1133,94,1,0
BRDA:1134,95,0,0
BRDA:1134,95,1,0
BRDA:1139,96,0,0
BRDA:1139,96,1,0
BRDA:1140,97,0,0
BRDA:1140,97,1,0
BRDA:1163,98,0,0
BRDA:1163,98,1,0
BRDA:1187,99,0,0
BRDA:1187,99,1,0
BRDA:1212,100,0,0
BRDA:1212,100,1,0
BRDA:1219,101,0,0
BRDA:1219,101,1,0
BRDA:1223,102,0,0
BRDA:1223,102,1,0
BRDA:1247,103,0,0
BRDA:1247,103,1,0
BRDA:1251,104,0,0
BRDA:1251,104,1,0
BRDA:1271,105,0,0
BRDA:1271,105,1,0
BRDA:1275,106,0,0
BRDA:1275,106,1,0
BRDA:1299,107,0,0
BRDA:1299,107,1,0
BRDA:1332,108,0,0
BRDA:1332,108,1,0
BRDA:1339,109,0,0
BRDA:1339,109,1,0
BRDA:1368,110,0,0
BRDA:1368,110,1,0
BRDA:1372,111,0,0
BRDA:1372,111,1,0
BRDA:1399,112,0,0
BRDA:1399,112,1,0
BRDA:1416,113,0,0
BRDA:1416,114,0,0
BRDA:1436,115,0,0
BRDA:1436,115,1,0
BRDA:1436,116,0,0
BRDA:1436,116,1,0
BRDA:1441,117,0,0
BRDA:1441,117,1,0
BRDA:1447,118,0,0
BRDA:1447,118,1,0
BRDA:1456,119,0,0
BRDA:1456,119,1,0
BRDA:1475,120,0,0
BRDA:1475,120,1,0
BRDA:1482,121,0,0
BRDA:1482,121,1,0
BRDA:1487,122,0,0
BRDA:1487,122,1,0
BRDA:1498,123,0,0
BRDA:1498,123,1,0
BRDA:1503,124,0,0
BRDA:1503,124,1,0
BRDA:1520,125,0,0
BRDA:1520,125,1,0
BRDA:1524,126,0,0
BRDA:1524,126,1,0
BRDA:1524,127,0,0
BRDA:1524,127,1,0
BRDA:1529,128,0,0
BRDA:1529,128,1,0
BRDA:1532,129,0,0
BRDA:1532,129,1,0
BRDA:1547,130,0,0
BRDA:1547,130,1,0
BRDA:1547,131,0,0
BRDA:1547,131,1,0
BRDA:1557,132,0,0
BRDA:1557,132,1,0
BRDA:1562,133,0,0
BRDA:1562,133,1,0
BRDA:1579,134,0,0
BRDA:1579,134,1,0
BRDA:1579,135,0,0
BRDA:1579,135,1,0
BRDA:1591,136,0,0
BRDA:1591,136,1,0
BRDA:1592,137,0,0
BRDA:1592,137,1,0
BRDA:1629,138,0,0
BRDA:1629,138,1,0
BRDA:1630,139,0,0
BRDA:1630,139,1,0
BRDA:1632,140,0,0
BRDA:1632,140,1,0
BRDA:1637,141,0,0
BRDA:1637,141,1,0
BRDA:1642,142,0,0
BRDA:1642,142,1,0
BRDA:1672,143,0,0
BRDA:1672,143,1,0
BRDA:1677,144,0,0
BRDA:1677,144,1,0
BRDA:1703,145,0,0
BRDA:1703,145,1,0
BRDA:1713,146,0,0
BRDA:1713,146,1,0
BRDA:1742,147,0,0
BRDA:1742,147,1,0
BRDA:1751,148,0,0
BRDA:1751,148,1,0
BRDA:1763,149,0,0
BRDA:1763,149,1,0
BRDA:1764,150,0,0
BRDA:1764,150,1,0
BRDA:1768,151,0,0
BRDA:1768,151,1,0
BRDA:1770,152,0,0
BRDA:1770,152,1,0
BRDA:1787,153,0,0
BRDA:1787,153,1,0
BRDA:1789,154,0,0
BRDA:1789,154,1,0
BRDA:1789,155,0,0
BRDA:1789,155,1,0
BRDA:1790,156,0,0
BRDA:1790,156,1,0
BRDA:1802,157,0,0
BRDA:1802,157,1,0
BRDA:1805,158,0,0
BRDA:1805,158,1,0
BRDA:1811,159,0,0
BRDA:1811,159,1,0
BRDA:1812,160,0,0
BRDA:1812,160,1,0
BRDA:1813,161,0,0
BRDA:1813,161,1,0
BRDA:1844,162,0,0
BRDA:1844,162,1,0
BRDA:1847,163,0,0
BRDA:1847,163,1,0
BRDA:1876,164,0,0
BRDA:1876,164,1,0
BRDA:1884,165,0,0
BRDA:1884,165,1,0
BRDA:1892,166,0,0
BRDA:1892,166,1,0
BRDA:1911,167,0,0
BRDA:1911,167,1,0
BRDA:1914,168,0,0
BRDA:1914,168,1,0
BRDA:1917,169,0,0
BRDA:1917,169,1,0
BRDA:1936,170,0,0
BRDA:1936,170,1,0
BRDA:1942,171,0,0
BRDA:1942,171,1,0
BRDA:1955,172,0,0
BRDA:1955,172,1,0
BRDA:1961,173,0,0
BRDA:1961,173,1,0
BRDA:1961,174,0,0
BRDA:1961,174,1,0
BRDA:1978,175,0,0
BRDA:1978,175,1,0
BRDA:1979,176,0,0
BRDA:1979,176,1,0
BRDA:1981,177,0,0
BRDA:1981,177,1,0
BRDA:1998,178,0,0
BRDA:1998,178,1,0
BRDA:2024,179,0,0
BRDA:2024,179,1,0
BRDA:2024,180,0,0
BRDA:2024,180,1,0
BRDA:2041,181,0,0
BRDA:2041,181,1,0
BRDA:2057,182,0,0
BRDA:2057,182,1,0
BRDA:2083,183,0,0
BRDA:2083,183,1,0
BRDA:2088,184,0,0
BRDA:2088,184,1,0
BRDA:2097,185,0,0
BRDA:2097,185,1,0
BRDA:2124,186,0,0
BRDA:2124,186,1,0
BRDA:2124,187,0,0
BRDA:2124,187,1,0
BRDA:2124,187,2,0
BRDA:2152,188,0,0
BRDA:2152,188,1,0
BRDA:2157,189,0,0
BRDA:2157,189,1,0
BRDA:2193,190,0,0
BRDA:2193,190,1,0
BRDA:2198,191,0,0
BRDA:2198,191,1,0
BRDA:2221,192,0,0
BRDA:2221,192,1,0
BRDA:2221,193,0,0
BRDA:2221,193,1,0
BRDA:2238,194,0,0
BRDA:2238,194,1,0
BRDA:2240,195,0,0
BRDA:2240,195,1,0
BRDA:2242,196,0,0
BRDA:2242,196,1,0
BRDA:2247,197,0,0
BRDA:2247,197,1,0
BRDA:2267,198,0,0
BRDA:2273,199,0,0
BRDA:2273,199,1,0
BRDA:2283,200,0,0
BRDA:2283,200,1,0
BRDA:2290,201,0,0
BRDA:2290,201,1,0
BRDA:2293,202,0,0
BRDA:2293,202,1,0
BRDA:2300,203,0,0
BRDA:2300,203,1,0
BRDA:2315,204,0,0
BRDA:2319,205,0,0
BRDA:2319,205,1,0
BRDA:2320,206,0,0
BRDA:2320,206,1,0
BRDA:2323,207,0,0
BRDA:2323,207,1,0
BRDA:2324,208,0,0
BRDA:2324,208,1,0
BRDA:2325,209,0,0
BRDA:2325,209,1,0
BRDA:2344,210,0,0
BRDA:2344,210,1,0
BRDA:2356,211,0,0
BRDA:2364,212,0,0
BRDA:2364,212,1,0
BRDA:2366,213,0,0
BRDA:2366,213,1,0
BRDA:2367,214,0,0
BRDA:2367,214,1,0
BRDA:2369,215,0,0
BRDA:2369,215,1,0
BRDA:2372,216,0,0
BRDA:2372,216,1,0
BRDA:2377,217,0,0
BRDA:2377,217,1,0
BRDA:2395,218,0,0
BRDA:2395,218,1,0
BRDA:2398,219,0,0
BRDA:2398,219,1,0
BRDA:2398,220,0,0
BRDA:2398,220,1,0
BRDA:2400,221,0,0
BRDA:2400,221,1,0
BRDA:2414,222,0,0
BRDA:2414,222,1,0
BRDA:2430,223,0,0
BRDA:2430,223,1,0
BRDA:2431,224,0,0
BRDA:2431,224,1,0
BRDA:2435,225,0,0
BRDA:2435,225,1,0
BRDA:2448,226,0,0
BRDA:2448,226,1,0
BRDA:2454,227,0,0
BRDA:2454,227,1,0
BRDA:2461,228,0,0
BRDA:2461,228,1,0
BRDA:2472,229,0,0
BRDA:2472,229,1,0
BRDA:2478,230,0,0
BRDA:2478,230,1,0
BRDA:2485,231,0,0
BRDA:2485,231,1,0
BRDA:2509,232,0,0
BRDA:2509,232,1,0
BRDA:2528,233,0,0
BRDA:2528,233,1,0
BRDA:2528,234,0,0
BRDA:2528,234,1,0
BRDA:2532,235,0,0
BRDA:2532,235,1,0
BRDA:2554,236,0,0
BRDA:2554,236,1,0
BRF:471
BRH:0
end_of_record
TN:
SF:jest.config.js
FNF:0
FNH:0
DA:1,0
LF:1
LH:0
BRF:0
BRH:0
end_of_record
TN:
SF:test-runner.js
FN:21,(anonymous_0)
FN:25,(anonymous_1)
FN:43,(anonymous_2)
FN:55,(anonymous_3)
FN:61,(anonymous_4)
FNF:5
FNH:0
FNDA:0,(anonymous_0)
FNDA:0,(anonymous_1)
FNDA:0,(anonymous_2)
FNDA:0,(anonymous_3)
FNDA:0,(anonymous_4)
DA:7,0
DA:8,0
DA:10,0
DA:11,0
DA:14,0
DA:15,0
DA:16,0
DA:20,0
DA:21,0
DA:23,0
DA:24,0
DA:25,0
DA:26,0
DA:30,0
DA:32,0
DA:43,0
DA:44,0
DA:45,0
DA:46,0
DA:47,0
DA:49,0
DA:51,0
DA:52,0
DA:55,0
DA:56,0
DA:57,0
DA:61,0
DA:62,0
DA:63,0
LF:29
LH:0
BRDA:14,0,0,0
BRDA:14,0,1,0
BRDA:23,1,0,0
BRDA:23,1,1,0
BRDA:38,2,0,0
BRDA:38,2,1,0
BRDA:39,3,0,0
BRDA:39,3,1,0
BRDA:45,4,0,0
BRDA:45,4,1,0
BRF:10
BRH:0
end_of_record
