TN:
SF:index-postgres.js
FN:27,snippet
FN:32,extractHtml
FN:51,logAuth
FN:104,(anonymous_3)
FN:108,(anonymous_4)
FN:117,initializeDatabase
FN:209,seedDiscoverableNewsletters
FN:263,findOrCreateUser
FN:288,findOrCreateSender
FN:328,findOrCreateSubscription
FN:357,(anonymous_10)
FN:366,(anonymous_11)
FN:383,(anonymous_12)
FN:394,(anonymous_13)
FN:398,(anonymous_14)
FN:420,(anonymous_15)
FN:429,(anonymous_16)
FN:441,(anonymous_17)
FN:460,(anonymous_18)
FN:476,(anonymous_19)
FN:492,(anonymous_20)
FN:523,(anonymous_21)
FN:539,(anonymous_22)
FN:672,(anonymous_23)
FN:709,(anonymous_24)
FN:716,(anonymous_25)
FNF:26
FNH:15
FNDA:0,snippet
FNDA:0,extractHtml
FNDA:2,logAuth
FNDA:0,(anonymous_3)
FNDA:0,(anonymous_4)
FNDA:1,initializeDatabase
FNDA:0,seedDiscoverableNewsletters
FNDA:0,findOrCreateUser
FNDA:0,findOrCreateSender
FNDA:0,findOrCreateSubscription
FNDA:7,(anonymous_10)
FNDA:4,(anonymous_11)
FNDA:14,(anonymous_12)
FNDA:1,(anonymous_13)
FNDA:1,(anonymous_14)
FNDA:1,(anonymous_15)
FNDA:1,(anonymous_16)
FNDA:0,(anonymous_17)
FNDA:1,(anonymous_18)
FNDA:1,(anonymous_19)
FNDA:2,(anonymous_20)
FNDA:1,(anonymous_21)
FNDA:1,(anonymous_22)
FNDA:0,(anonymous_23)
FNDA:0,(anonymous_24)
FNDA:1,(anonymous_25)
DA:5,1
DA:8,1
DA:10,1
DA:11,1
DA:12,1
DA:13,1
DA:14,1
DA:15,1
DA:16,1
DA:18,1
DA:19,1
DA:22,1
DA:23,0
DA:28,0
DA:33,0
DA:34,0
DA:35,0
DA:37,0
DA:38,0
DA:39,0
DA:41,0
DA:42,0
DA:43,0
DA:44,0
DA:47,0
DA:52,2
DA:53,2
DA:59,2
DA:60,2
DA:66,1
DA:68,0
DA:69,0
DA:71,0
DA:72,0
DA:76,1
DA:77,1
DA:79,0
DA:80,0
DA:84,1
DA:85,0
DA:88,1
DA:89,0
DA:92,1
DA:93,1
DA:96,1
DA:104,1
DA:105,0
DA:108,1
DA:109,0
DA:111,0
DA:112,0
DA:119,1
DA:120,1
DA:121,1
DA:123,0
DA:125,0
DA:143,0
DA:159,0
DA:174,0
DA:187,0
DA:197,0
DA:200,0
DA:201,0
DA:204,0
DA:211,0
DA:212,0
DA:214,0
DA:243,0
DA:244,0
DA:245,0
DA:257,0
DA:264,0
DA:266,0
DA:271,0
DA:272,0
DA:276,0
DA:281,0
DA:283,0
DA:284,0
DA:289,0
DA:292,0
DA:293,0
DA:294,0
DA:295,0
DA:297,0
DA:298,0
DA:301,0
DA:302,0
DA:306,0
DA:311,0
DA:312,0
DA:316,0
DA:321,0
DA:323,0
DA:324,0
DA:329,0
DA:331,0
DA:336,0
DA:337,0
DA:341,0
DA:346,0
DA:348,0
DA:349,0
DA:354,1
DA:357,1
DA:358,7
DA:359,7
DA:360,7
DA:362,7
DA:363,3
DA:366,4
DA:367,4
DA:368,0
DA:370,4
DA:371,4
DA:374,0
DA:375,0
DA:380,1
DA:384,14
DA:385,0
DA:387,14
DA:391,1
DA:394,1
DA:395,1
DA:398,1
DA:399,1
DA:403,1
DA:411,1
DA:417,1
DA:420,1
DA:421,1
DA:426,1
DA:429,1
DA:430,1
DA:431,1
DA:432,1
DA:433,1
DA:436,0
DA:437,0
DA:439,0
DA:441,0
DA:443,0
DA:445,0
DA:451,0
DA:452,0
DA:454,0
DA:455,0
DA:460,1
DA:461,1
DA:462,1
DA:466,1
DA:467,0
DA:469,1
DA:471,0
DA:472,0
DA:476,1
DA:477,1
DA:478,1
DA:485,1
DA:487,0
DA:488,0
DA:492,1
DA:493,2
DA:494,2
DA:495,2
DA:496,2
DA:498,2
DA:506,1
DA:516,1
DA:517,0
DA:519,1
DA:523,1
DA:524,1
DA:525,1
DA:531,1
DA:533,0
DA:534,0
DA:539,1
DA:540,1
DA:541,1
DA:545,1
DA:546,0
DA:552,1
DA:560,1
DA:561,1
DA:562,1
DA:566,0
DA:567,0
DA:574,0
DA:575,0
DA:576,0
DA:578,0
DA:580,0
DA:581,0
DA:582,0
DA:585,0
DA:586,0
DA:589,0
DA:590,0
DA:592,0
DA:597,0
DA:601,0
DA:604,0
DA:609,0
DA:610,0
DA:611,0
DA:614,0
DA:615,0
DA:616,0
DA:622,0
DA:623,0
DA:625,0
DA:626,0
DA:632,0
DA:637,0
DA:639,0
DA:644,0
DA:653,0
DA:660,0
DA:661,0
DA:662,0
DA:666,0
DA:669,0
DA:670,0
DA:671,0
DA:672,0
DA:673,0
DA:676,0
DA:681,0
DA:682,0
DA:689,0
DA:690,0
DA:691,0
DA:698,0
DA:700,0
DA:704,0
DA:709,1
DA:710,0
DA:711,0
DA:715,1
DA:716,1
DA:717,1
DA:721,1
LF:243
LH:94
BRDA:19,0,0,1
BRDA:19,0,1,0
BRDA:22,1,0,0
BRDA:22,1,1,1
BRDA:28,2,0,0
BRDA:28,2,1,0
BRDA:33,3,0,0
BRDA:33,3,1,0
BRDA:34,4,0,0
BRDA:34,4,1,0
BRDA:34,5,0,0
BRDA:34,5,1,0
BRDA:34,5,2,0
BRDA:41,6,0,0
BRDA:41,6,1,0
BRDA:41,7,0,0
BRDA:41,7,1,0
BRDA:44,8,0,0
BRDA:44,8,1,0
BRDA:51,9,0,1
BRDA:57,10,0,1
BRDA:57,10,1,1
BRDA:59,11,0,1
BRDA:59,11,1,1
BRDA:66,12,0,0
BRDA:66,12,1,1
BRDA:66,13,0,1
BRDA:66,13,1,0
BRDA:84,14,0,0
BRDA:84,14,1,1
BRDA:84,15,0,1
BRDA:84,15,1,0
BRDA:88,16,0,0
BRDA:88,16,1,1
BRDA:98,17,0,0
BRDA:98,17,1,1
BRDA:111,18,0,0
BRDA:111,18,1,0
BRDA:119,19,0,1
BRDA:119,19,1,0
BRDA:200,20,0,0
BRDA:200,20,1,0
BRDA:211,21,0,0
BRDA:211,21,1,0
BRDA:271,22,0,0
BRDA:271,22,1,0
BRDA:288,23,0,0
BRDA:293,24,0,0
BRDA:293,24,1,0
BRDA:301,25,0,0
BRDA:301,25,1,0
BRDA:311,26,0,0
BRDA:311,26,1,0
BRDA:328,27,0,0
BRDA:336,28,0,0
BRDA:336,28,1,0
BRDA:360,29,0,7
BRDA:360,29,1,4
BRDA:362,30,0,3
BRDA:362,30,1,4
BRDA:367,31,0,0
BRDA:367,31,1,4
BRDA:384,32,0,0
BRDA:384,32,1,14
BRDA:384,33,0,14
BRDA:384,33,1,14
BRDA:406,34,0,0
BRDA:406,34,1,1
BRDA:407,35,0,0
BRDA:407,35,1,0
BRDA:432,36,0,1
BRDA:432,36,1,0
BRDA:466,37,0,0
BRDA:466,37,1,1
BRDA:494,38,0,2
BRDA:494,38,1,2
BRDA:495,39,0,2
BRDA:495,39,1,2
BRDA:516,40,0,0
BRDA:516,40,1,1
BRDA:545,41,0,0
BRDA:545,41,1,1
BRDA:556,42,0,0
BRDA:556,42,1,1
BRDA:560,43,0,1
BRDA:560,43,1,0
BRDA:580,44,0,0
BRDA:580,44,1,0
BRDA:580,45,0,0
BRDA:580,45,1,0
BRDA:589,46,0,0
BRDA:589,46,1,0
BRDA:609,47,0,0
BRDA:609,47,1,0
BRDA:609,48,0,0
BRDA:609,48,1,0
BRDA:614,49,0,0
BRDA:614,49,1,0
BRDA:625,50,0,0
BRDA:625,50,1,0
BRDA:660,51,0,0
BRDA:660,51,1,0
BRDA:660,52,0,0
BRDA:660,52,1,0
BRDA:681,53,0,0
BRDA:681,53,1,0
BRDA:715,54,0,1
BRDA:715,54,1,0
BRF:108
BRH:34
end_of_record